-------------------------------------------------------------------------------
Test set: com.telixia.todo.todomanagementspringboot2.TodoManagementSpringBoot2ApplicationTests
-------------------------------------------------------------------------------
Tests run: 1, Failures: 0, Errors: 1, Skipped: 0, Time elapsed: 2.828 s <<< FAILURE! - in com.telixia.todo.todomanagementspringboot2.TodoManagementSpringBoot2ApplicationTests
initializationError(com.telixia.todo.todomanagementspringboot2.TodoManagementSpringBoot2ApplicationTests)  Time elapsed: 0.025 s  <<< ERROR!
java.lang.IllegalStateException: Unable to find a @SpringBootConfiguration, you need to use @ContextConfiguration or @SpringBootTest(classes=...) with your test

