<?xml version="1.0" encoding="UTF-8"?>
<testsuite xmlns:xsi="http://www.w3.org/2001/XMLSchema-instance" xsi:noNamespaceSchemaLocation="https://maven.apache.org/surefire/maven-surefire-plugin/xsd/surefire-test-report.xsd" name="com.telixia.todo.todomanagementspringboot2.TodoManagementSpringBoot2ApplicationTests" time="2.828" tests="1" errors="1" skipped="0" failures="0">
  <properties>
[...]
</properties>
  <testcase name="initializationError" classname="com.telixia.todo.todomanagementspringboot2.TodoManagementSpringBoot2ApplicationTests" time="0.025">
    <error message="Unable to find a @SpringBootConfiguration, you need to use @ContextConfiguration or @SpringBootTest(classes=...) with your test" type="java.lang.IllegalStateException">java.lang.IllegalStateException: Unable to find a @SpringBootConfiguration, you need to use @ContextConfiguration or @SpringBootTest(classes=...) with your test
</error>
    <system-out><![CDATA[09:17:01.982 [main] DEBUG org.springframework.test.context.junit4.SpringJUnit4ClassRunner - SpringJUnit4ClassRunner constructor called with [class com.telixia.todo.todomanagementspringboot2.TodoManagementSpringBoot2ApplicationTests]
09:17:02.014 [main] DEBUG org.springframework.test.context.BootstrapUtils - Instantiating CacheAwareContextLoaderDelegate from class [org.springframework.test.context.cache.DefaultCacheAwareContextLoaderDelegate]
09:17:02.074 [main] DEBUG org.springframework.test.context.BootstrapUtils - Instantiating BootstrapContext using constructor [public org.springframework.test.context.support.DefaultBootstrapContext(java.lang.Class,org.springframework.test.context.CacheAwareContextLoaderDelegate)]
09:17:02.114 [main] DEBUG org.springframework.test.context.BootstrapUtils - Instantiating TestContextBootstrapper for test class [com.telixia.todo.todomanagementspringboot2.TodoManagementSpringBoot2ApplicationTests] from class [org.springframework.boot.test.context.SpringBootTestContextBootstrapper]
09:17:02.283 [main] INFO org.springframework.boot.test.context.SpringBootTestContextBootstrapper - Neither @ContextConfiguration nor @ContextHierarchy found for test class [com.telixia.todo.todomanagementspringboot2.TodoManagementSpringBoot2ApplicationTests], using SpringBootContextLoader
09:17:02.456 [main] DEBUG org.springframework.test.context.support.AbstractContextLoader - Did not detect default resource location for test class [com.telixia.todo.todomanagementspringboot2.TodoManagementSpringBoot2ApplicationTests]: class path resource [net/guides/todo/todomanagementspringboot2/TodoManagementSpringBoot2ApplicationTests-context.xml] does not exist
09:17:02.456 [main] DEBUG org.springframework.test.context.support.AbstractContextLoader - Did not detect default resource location for test class [com.telixia.todo.todomanagementspringboot2.TodoManagementSpringBoot2ApplicationTests]: class path resource [net/guides/todo/todomanagementspringboot2/TodoManagementSpringBoot2ApplicationTestsContext.groovy] does not exist
09:17:02.457 [main] INFO org.springframework.test.context.support.AbstractContextLoader - Could not detect default resource locations for test class [com.telixia.todo.todomanagementspringboot2.TodoManagementSpringBoot2ApplicationTests]: no resource found for suffixes {-context.xml, Context.groovy}.
09:17:02.462 [main] INFO org.springframework.test.context.support.AnnotationConfigContextLoaderUtils - Could not detect default configuration classes for test class [com.telixia.todo.todomanagementspringboot2.TodoManagementSpringBoot2ApplicationTests]: TodoManagementSpringBoot2ApplicationTests does not declare any static, non-private, non-final, nested classes annotated with @Configuration.
09:17:03.089 [main] DEBUG org.springframework.test.context.support.ActiveProfilesUtils - Could not find an 'annotation declaring class' for annotation type [org.springframework.test.context.ActiveProfiles] and class [com.telixia.todo.todomanagementspringboot2.TodoManagementSpringBoot2ApplicationTests]
09:17:03.215 [main] DEBUG org.springframework.core.env.StandardEnvironment - Adding PropertySource 'systemProperties' with lowest search precedence
09:17:03.215 [main] DEBUG org.springframework.core.env.StandardEnvironment - Adding PropertySource 'systemEnvironment' with lowest search precedence
09:17:03.216 [main] DEBUG org.springframework.core.env.StandardEnvironment - Initialized StandardEnvironment with PropertySources [MapPropertySource@2050404090 {name='systemProperties', properties={java.runtime.name=Java(TM) SE Runtime Environment, sun.boot.library.path=/Library/Java/JavaVirtualMachines/jdk1.8.0_211.jdk/Contents/Home/jre/lib, java.vm.version=25.211-b12, gopherProxySet=false, java.vm.vendor=Oracle Corporation, java.vendor.url=http://java.oracle.com/, java.rmi.server.randomIDs=true, path.separator=:, java.vm.name=Java HotSpot(TM) 64-Bit Server VM, file.encoding.pkg=sun.io, user.country=US, sun.java.launcher=SUN_STANDARD, sun.os.patch.level=unknown, java.vm.specification.name=Java Virtual Machine Specification, user.dir=/Users/mac/Projects/spring-boot/spring-boot-todo, java.runtime.version=1.8.0_211-b12, basedir=/Users/mac/Projects/spring-boot/spring-boot-todo, java.awt.graphicsenv=sun.awt.CGraphicsEnvironment, java.endorsed.dirs=/Library/Java/JavaVirtualMachines/jdk1.8.0_211.jdk/Contents/Home/jre/lib/endorsed, os.arch=x86_64, surefire.real.class.path=/Users/mac/Projects/spring-boot/spring-boot-todo/target/surefire/surefirebooter5070823688840643357.jar, java.io.tmpdir=/var/folders/2_/p3j9lstj3k3bmd87pw9m92rc0000gn/T/, line.separator=
, java.vm.specification.vendor=Oracle Corporation, os.name=Mac OS X, sun.jnu.encoding=UTF-8, java.library.path=/Users/mac/Library/Java/Extensions:/Library/Java/Extensions:/Network/Library/Java/Extensions:/System/Library/Java/Extensions:/usr/lib/java:., surefire.test.class.path=/Users/mac/Projects/spring-boot/spring-boot-todo/target/test-classes:/Users/mac/Projects/spring-boot/spring-boot-todo/target/classes:/Users/mac/.m2/repository/javax/servlet/jstl/1.2/jstl-1.2.jar:/Users/mac/.m2/repository/org/webjars/bootstrap/3.3.6/bootstrap-3.3.6.jar:/Users/mac/.m2/repository/org/webjars/bootstrap-datepicker/1.0.1/bootstrap-datepicker-1.0.1.jar:/Users/mac/.m2/repository/org/webjars/jquery/1.9.1/jquery-1.9.1.jar:/Users/mac/.m2/repository/org/apache/tomcat/embed/tomcat-embed-jasper/8.5.32/tomcat-embed-jasper-8.5.32.jar:/Users/mac/.m2/repository/org/apache/tomcat/embed/tomcat-embed-core/8.5.32/tomcat-embed-core-8.5.32.jar:/Users/mac/.m2/repository/org/apache/tomcat/tomcat-annotations-api/8.5.32/tomcat-annotations-api-8.5.32.jar:/Users/mac/.m2/repository/org/apache/tomcat/embed/tomcat-embed-el/8.5.32/tomcat-embed-el-8.5.32.jar:/Users/mac/.m2/repository/org/eclipse/jdt/ecj/3.12.3/ecj-3.12.3.jar:/Users/mac/.m2/repository/org/springframework/boot/spring-boot-starter-data-jpa/2.0.4.RELEASE/spring-boot-starter-data-jpa-2.0.4.RELEASE.jar:/Users/mac/.m2/repository/org/springframework/boot/spring-boot-starter/2.0.4.RELEASE/spring-boot-starter-2.0.4.RELEASE.jar:/Users/mac/.m2/repository/org/springframework/boot/spring-boot-starter-logging/2.0.4.RELEASE/spring-boot-starter-logging-2.0.4.RELEASE.jar:/Users/mac/.m2/repository/ch/qos/logback/logback-classic/1.2.3/logback-classic-1.2.3.jar:/Users/mac/.m2/repository/ch/qos/logback/logback-core/1.2.3/logback-core-1.2.3.jar:/Users/mac/.m2/repository/org/apache/logging/log4j/log4j-to-slf4j/2.10.0/log4j-to-slf4j-2.10.0.jar:/Users/mac/.m2/repository/org/apache/logging/log4j/log4j-api/2.10.0/log4j-api-2.10.0.jar:/Users/mac/.m2/repository/org/slf4j/jul-to-slf4j/1.7.25/jul-to-slf4j-1.7.25.jar:/Users/mac/.m2/repository/javax/annotation/javax.annotation-api/1.3.2/javax.annotation-api-1.3.2.jar:/Users/mac/.m2/repository/org/yaml/snakeyaml/1.19/snakeyaml-1.19.jar:/Users/mac/.m2/repository/org/springframework/boot/spring-boot-starter-aop/2.0.4.RELEASE/spring-boot-starter-aop-2.0.4.RELEASE.jar:/Users/mac/.m2/repository/org/aspectj/aspectjweaver/1.8.13/aspectjweaver-1.8.13.jar:/Users/mac/.m2/repository/org/springframework/boot/spring-boot-starter-jdbc/2.0.4.RELEASE/spring-boot-starter-jdbc-2.0.4.RELEASE.jar:/Users/mac/.m2/repository/com/zaxxer/HikariCP/2.7.9/HikariCP-2.7.9.jar:/Users/mac/.m2/repository/org/springframework/spring-jdbc/5.0.8.RELEASE/spring-jdbc-5.0.8.RELEASE.jar:/Users/mac/.m2/repository/org/hibernate/hibernate-core/5.2.17.Final/hibernate-core-5.2.17.Final.jar:/Users/mac/.m2/repository/org/jboss/logging/jboss-logging/3.3.2.Final/jboss-logging-3.3.2.Final.jar:/Users/mac/.m2/repository/org/hibernate/javax/persistence/hibernate-jpa-2.1-api/1.0.2.Final/hibernate-jpa-2.1-api-1.0.2.Final.jar:/Users/mac/.m2/repository/org/javassist/javassist/3.22.0-GA/javassist-3.22.0-GA.jar:/Users/mac/.m2/repository/antlr/antlr/2.7.7/antlr-2.7.7.jar:/Users/mac/.m2/repository/org/jboss/jandex/2.0.3.Final/jandex-2.0.3.Final.jar:/Users/mac/.m2/repository/com/fasterxml/classmate/1.3.4/classmate-1.3.4.jar:/Users/mac/.m2/repository/dom4j/dom4j/1.6.1/dom4j-1.6.1.jar:/Users/mac/.m2/repository/org/hibernate/common/hibernate-commons-annotations/5.0.1.Final/hibernate-commons-annotations-5.0.1.Final.jar:/Users/mac/.m2/repository/javax/transaction/javax.transaction-api/1.2/javax.transaction-api-1.2.jar:/Users/mac/.m2/repository/org/springframework/data/spring-data-jpa/2.0.9.RELEASE/spring-data-jpa-2.0.9.RELEASE.jar:/Users/mac/.m2/repository/org/springframework/data/spring-data-commons/2.0.9.RELEASE/spring-data-commons-2.0.9.RELEASE.jar:/Users/mac/.m2/repository/org/springframework/spring-orm/5.0.8.RELEASE/spring-orm-5.0.8.RELEASE.jar:/Users/mac/.m2/repository/org/springframework/spring-context/5.0.8.RELEASE/spring-context-5.0.8.RELEASE.jar:/Users/mac/.m2/repository/org/springframework/spring-tx/5.0.8.RELEASE/spring-tx-5.0.8.RELEASE.jar:/Users/mac/.m2/repository/org/springframework/spring-beans/5.0.8.RELEASE/spring-beans-5.0.8.RELEASE.jar:/Users/mac/.m2/repository/org/slf4j/slf4j-api/1.7.25/slf4j-api-1.7.25.jar:/Users/mac/.m2/repository/org/springframework/spring-aspects/5.0.8.RELEASE/spring-aspects-5.0.8.RELEASE.jar:/Users/mac/.m2/repository/org/springframework/boot/spring-boot-starter-security/2.0.4.RELEASE/spring-boot-starter-security-2.0.4.RELEASE.jar:/Users/mac/.m2/repository/org/springframework/spring-aop/5.0.8.RELEASE/spring-aop-5.0.8.RELEASE.jar:/Users/mac/.m2/repository/org/springframework/security/spring-security-config/5.0.7.RELEASE/spring-security-config-5.0.7.RELEASE.jar:/Users/mac/.m2/repository/org/springframework/security/spring-security-web/5.0.7.RELEASE/spring-security-web-5.0.7.RELEASE.jar:/Users/mac/.m2/repository/org/springframework/spring-expression/5.0.8.RELEASE/spring-expression-5.0.8.RELEASE.jar:/Users/mac/.m2/repository/org/springframework/boot/spring-boot-starter-web/2.0.4.RELEASE/spring-boot-starter-web-2.0.4.RELEASE.jar:/Users/mac/.m2/repository/org/springframework/boot/spring-boot-starter-json/2.0.4.RELEASE/spring-boot-starter-json-2.0.4.RELEASE.jar:/Users/mac/.m2/repository/com/fasterxml/jackson/core/jackson-databind/2.9.6/jackson-databind-2.9.6.jar:/Users/mac/.m2/repository/com/fasterxml/jackson/core/jackson-annotations/2.9.0/jackson-annotations-2.9.0.jar:/Users/mac/.m2/repository/com/fasterxml/jackson/core/jackson-core/2.9.6/jackson-core-2.9.6.jar:/Users/mac/.m2/repository/com/fasterxml/jackson/datatype/jackson-datatype-jdk8/2.9.6/jackson-datatype-jdk8-2.9.6.jar:/Users/mac/.m2/repository/com/fasterxml/jackson/datatype/jackson-datatype-jsr310/2.9.6/jackson-datatype-jsr310-2.9.6.jar:/Users/mac/.m2/repository/com/fasterxml/jackson/module/jackson-module-parameter-names/2.9.6/jackson-module-parameter-names-2.9.6.jar:/Users/mac/.m2/repository/org/springframework/boot/spring-boot-starter-tomcat/2.0.4.RELEASE/spring-boot-starter-tomcat-2.0.4.RELEASE.jar:/Users/mac/.m2/repository/org/apache/tomcat/embed/tomcat-embed-websocket/8.5.32/tomcat-embed-websocket-8.5.32.jar:/Users/mac/.m2/repository/org/hibernate/validator/hibernate-validator/6.0.11.Final/hibernate-validator-6.0.11.Final.jar:/Users/mac/.m2/repository/javax/validation/validation-api/2.0.1.Final/validation-api-2.0.1.Final.jar:/Users/mac/.m2/repository/org/springframework/spring-web/5.0.8.RELEASE/spring-web-5.0.8.RELEASE.jar:/Users/mac/.m2/repository/org/springframework/spring-webmvc/5.0.8.RELEASE/spring-webmvc-5.0.8.RELEASE.jar:/Users/mac/.m2/repository/org/springframework/boot/spring-boot-devtools/2.0.4.RELEASE/spring-boot-devtools-2.0.4.RELEASE.jar:/Users/mac/.m2/repository/org/springframework/boot/spring-boot/2.0.4.RELEASE/spring-boot-2.0.4.RELEASE.jar:/Users/mac/.m2/repository/org/springframework/boot/spring-boot-autoconfigure/2.0.4.RELEASE/spring-boot-autoconfigure-2.0.4.RELEASE.jar:/Users/mac/.m2/repository/mysql/mysql-connector-java/5.1.46/mysql-connector-java-5.1.46.jar:/Users/mac/.m2/repository/org/springframework/boot/spring-boot-starter-test/2.0.4.RELEASE/spring-boot-starter-test-2.0.4.RELEASE.jar:/Users/mac/.m2/repository/org/springframework/boot/spring-boot-test/2.0.4.RELEASE/spring-boot-test-2.0.4.RELEASE.jar:/Users/mac/.m2/repository/org/springframework/boot/spring-boot-test-autoconfigure/2.0.4.RELEASE/spring-boot-test-autoconfigure-2.0.4.RELEASE.jar:/Users/mac/.m2/repository/com/jayway/jsonpath/json-path/2.4.0/json-path-2.4.0.jar:/Users/mac/.m2/repository/net/minidev/json-smart/2.3/json-smart-2.3.jar:/Users/mac/.m2/repository/net/minidev/accessors-smart/1.2/accessors-smart-1.2.jar:/Users/mac/.m2/repository/org/ow2/asm/asm/5.0.4/asm-5.0.4.jar:/Users/mac/.m2/repository/junit/junit/4.12/junit-4.12.jar:/Users/mac/.m2/repository/org/assertj/assertj-core/3.9.1/assertj-core-3.9.1.jar:/Users/mac/.m2/repository/org/mockito/mockito-core/2.15.0/mockito-core-2.15.0.jar:/Users/mac/.m2/repository/net/bytebuddy/byte-buddy/1.7.11/byte-buddy-1.7.11.jar:/Users/mac/.m2/repository/net/bytebuddy/byte-buddy-agent/1.7.11/byte-buddy-agent-1.7.11.jar:/Users/mac/.m2/repository/org/objenesis/objenesis/2.6/objenesis-2.6.jar:/Users/mac/.m2/repository/org/hamcrest/hamcrest-core/1.3/hamcrest-core-1.3.jar:/Users/mac/.m2/repository/org/hamcrest/hamcrest-library/1.3/hamcrest-library-1.3.jar:/Users/mac/.m2/repository/org/skyscreamer/jsonassert/1.5.0/jsonassert-1.5.0.jar:/Users/mac/.m2/repository/com/vaadin/external/google/android-json/0.0.20131108.vaadin1/android-json-0.0.20131108.vaadin1.jar:/Users/mac/.m2/repository/org/springframework/spring-core/5.0.8.RELEASE/spring-core-5.0.8.RELEASE.jar:/Users/mac/.m2/repository/org/springframework/spring-jcl/5.0.8.RELEASE/spring-jcl-5.0.8.RELEASE.jar:/Users/mac/.m2/repository/org/springframework/spring-test/5.0.8.RELEASE/spring-test-5.0.8.RELEASE.jar:/Users/mac/.m2/repository/org/xmlunit/xmlunit-core/2.5.1/xmlunit-core-2.5.1.jar:/Users/mac/.m2/repository/org/springframework/security/spring-security-test/5.0.7.RELEASE/spring-security-test-5.0.7.RELEASE.jar:/Users/mac/.m2/repository/org/springframework/security/spring-security-core/5.0.7.RELEASE/spring-security-core-5.0.7.RELEASE.jar:, java.specification.name=Java Platform API Specification, java.class.version=52.0, sun.management.compiler=HotSpot 64-Bit Tiered Compilers, os.version=10.14.6, http.nonProxyHosts=local|*.local|169.254/16|*.169.254/16, user.home=/Users/mac, user.timezone=Africa/Lagos, java.awt.printerjob=sun.lwawt.macosx.CPrinterJob, file.encoding=UTF-8, java.specification.version=1.8, java.class.path=/Users/mac/Projects/spring-boot/spring-boot-todo/target/test-classes:/Users/mac/Projects/spring-boot/spring-boot-todo/target/classes:/Users/mac/.m2/repository/javax/servlet/jstl/1.2/jstl-1.2.jar:/Users/mac/.m2/repository/org/webjars/bootstrap/3.3.6/bootstrap-3.3.6.jar:/Users/mac/.m2/repository/org/webjars/bootstrap-datepicker/1.0.1/bootstrap-datepicker-1.0.1.jar:/Users/mac/.m2/repository/org/webjars/jquery/1.9.1/jquery-1.9.1.jar:/Users/mac/.m2/repository/org/apache/tomcat/embed/tomcat-embed-jasper/8.5.32/tomcat-embed-jasper-8.5.32.jar:/Users/mac/.m2/repository/org/apache/tomcat/embed/tomcat-embed-core/8.5.32/tomcat-embed-core-8.5.32.jar:/Users/mac/.m2/repository/org/apache/tomcat/tomcat-annotations-api/8.5.32/tomcat-annotations-api-8.5.32.jar:/Users/mac/.m2/repository/org/apache/tomcat/embed/tomcat-embed-el/8.5.32/tomcat-embed-el-8.5.32.jar:/Users/mac/.m2/repository/org/eclipse/jdt/ecj/3.12.3/ecj-3.12.3.jar:/Users/mac/.m2/repository/org/springframework/boot/spring-boot-starter-data-jpa/2.0.4.RELEASE/spring-boot-starter-data-jpa-2.0.4.RELEASE.jar:/Users/mac/.m2/repository/org/springframework/boot/spring-boot-starter/2.0.4.RELEASE/spring-boot-starter-2.0.4.RELEASE.jar:/Users/mac/.m2/repository/org/springframework/boot/spring-boot-starter-logging/2.0.4.RELEASE/spring-boot-starter-logging-2.0.4.RELEASE.jar:/Users/mac/.m2/repository/ch/qos/logback/logback-classic/1.2.3/logback-classic-1.2.3.jar:/Users/mac/.m2/repository/ch/qos/logback/logback-core/1.2.3/logback-core-1.2.3.jar:/Users/mac/.m2/repository/org/apache/logging/log4j/log4j-to-slf4j/2.10.0/log4j-to-slf4j-2.10.0.jar:/Users/mac/.m2/repository/org/apache/logging/log4j/log4j-api/2.10.0/log4j-api-2.10.0.jar:/Users/mac/.m2/repository/org/slf4j/jul-to-slf4j/1.7.25/jul-to-slf4j-1.7.25.jar:/Users/mac/.m2/repository/javax/annotation/javax.annotation-api/1.3.2/javax.annotation-api-1.3.2.jar:/Users/mac/.m2/repository/org/yaml/snakeyaml/1.19/snakeyaml-1.19.jar:/Users/mac/.m2/repository/org/springframework/boot/spring-boot-starter-aop/2.0.4.RELEASE/spring-boot-starter-aop-2.0.4.RELEASE.jar:/Users/mac/.m2/repository/org/aspectj/aspectjweaver/1.8.13/aspectjweaver-1.8.13.jar:/Users/mac/.m2/repository/org/springframework/boot/spring-boot-starter-jdbc/2.0.4.RELEASE/spring-boot-starter-jdbc-2.0.4.RELEASE.jar:/Users/mac/.m2/repository/com/zaxxer/HikariCP/2.7.9/HikariCP-2.7.9.jar:/Users/mac/.m2/repository/org/springframework/spring-jdbc/5.0.8.RELEASE/spring-jdbc-5.0.8.RELEASE.jar:/Users/mac/.m2/repository/org/hibernate/hibernate-core/5.2.17.Final/hibernate-core-5.2.17.Final.jar:/Users/mac/.m2/repository/org/jboss/logging/jboss-logging/3.3.2.Final/jboss-logging-3.3.2.Final.jar:/Users/mac/.m2/repository/org/hibernate/javax/persistence/hibernate-jpa-2.1-api/1.0.2.Final/hibernate-jpa-2.1-api-1.0.2.Final.jar:/Users/mac/.m2/repository/org/javassist/javassist/3.22.0-GA/javassist-3.22.0-GA.jar:/Users/mac/.m2/repository/antlr/antlr/2.7.7/antlr-2.7.7.jar:/Users/mac/.m2/repository/org/jboss/jandex/2.0.3.Final/jandex-2.0.3.Final.jar:/Users/mac/.m2/repository/com/fasterxml/classmate/1.3.4/classmate-1.3.4.jar:/Users/mac/.m2/repository/dom4j/dom4j/1.6.1/dom4j-1.6.1.jar:/Users/mac/.m2/repository/org/hibernate/common/hibernate-commons-annotations/5.0.1.Final/hibernate-commons-annotations-5.0.1.Final.jar:/Users/mac/.m2/repository/javax/transaction/javax.transaction-api/1.2/javax.transaction-api-1.2.jar:/Users/mac/.m2/repository/org/springframework/data/spring-data-jpa/2.0.9.RELEASE/spring-data-jpa-2.0.9.RELEASE.jar:/Users/mac/.m2/repository/org/springframework/data/spring-data-commons/2.0.9.RELEASE/spring-data-commons-2.0.9.RELEASE.jar:/Users/mac/.m2/repository/org/springframework/spring-orm/5.0.8.RELEASE/spring-orm-5.0.8.RELEASE.jar:/Users/mac/.m2/repository/org/springframework/spring-context/5.0.8.RELEASE/spring-context-5.0.8.RELEASE.jar:/Users/mac/.m2/repository/org/springframework/spring-tx/5.0.8.RELEASE/spring-tx-5.0.8.RELEASE.jar:/Users/mac/.m2/repository/org/springframework/spring-beans/5.0.8.RELEASE/spring-beans-5.0.8.RELEASE.jar:/Users/mac/.m2/repository/org/slf4j/slf4j-api/1.7.25/slf4j-api-1.7.25.jar:/Users/mac/.m2/repository/org/springframework/spring-aspects/5.0.8.RELEASE/spring-aspects-5.0.8.RELEASE.jar:/Users/mac/.m2/repository/org/springframework/boot/spring-boot-starter-security/2.0.4.RELEASE/spring-boot-starter-security-2.0.4.RELEASE.jar:/Users/mac/.m2/repository/org/springframework/spring-aop/5.0.8.RELEASE/spring-aop-5.0.8.RELEASE.jar:/Users/mac/.m2/repository/org/springframework/security/spring-security-config/5.0.7.RELEASE/spring-security-config-5.0.7.RELEASE.jar:/Users/mac/.m2/repository/org/springframework/security/spring-security-web/5.0.7.RELEASE/spring-security-web-5.0.7.RELEASE.jar:/Users/mac/.m2/repository/org/springframework/spring-expression/5.0.8.RELEASE/spring-expression-5.0.8.RELEASE.jar:/Users/mac/.m2/repository/org/springframework/boot/spring-boot-starter-web/2.0.4.RELEASE/spring-boot-starter-web-2.0.4.RELEASE.jar:/Users/mac/.m2/repository/org/springframework/boot/spring-boot-starter-json/2.0.4.RELEASE/spring-boot-starter-json-2.0.4.RELEASE.jar:/Users/mac/.m2/repository/com/fasterxml/jackson/core/jackson-databind/2.9.6/jackson-databind-2.9.6.jar:/Users/mac/.m2/repository/com/fasterxml/jackson/core/jackson-annotations/2.9.0/jackson-annotations-2.9.0.jar:/Users/mac/.m2/repository/com/fasterxml/jackson/core/jackson-core/2.9.6/jackson-core-2.9.6.jar:/Users/mac/.m2/repository/com/fasterxml/jackson/datatype/jackson-datatype-jdk8/2.9.6/jackson-datatype-jdk8-2.9.6.jar:/Users/mac/.m2/repository/com/fasterxml/jackson/datatype/jackson-datatype-jsr310/2.9.6/jackson-datatype-jsr310-2.9.6.jar:/Users/mac/.m2/repository/com/fasterxml/jackson/module/jackson-module-parameter-names/2.9.6/jackson-module-parameter-names-2.9.6.jar:/Users/mac/.m2/repository/org/springframework/boot/spring-boot-starter-tomcat/2.0.4.RELEASE/spring-boot-starter-tomcat-2.0.4.RELEASE.jar:/Users/mac/.m2/repository/org/apache/tomcat/embed/tomcat-embed-websocket/8.5.32/tomcat-embed-websocket-8.5.32.jar:/Users/mac/.m2/repository/org/hibernate/validator/hibernate-validator/6.0.11.Final/hibernate-validator-6.0.11.Final.jar:/Users/mac/.m2/repository/javax/validation/validation-api/2.0.1.Final/validation-api-2.0.1.Final.jar:/Users/mac/.m2/repository/org/springframework/spring-web/5.0.8.RELEASE/spring-web-5.0.8.RELEASE.jar:/Users/mac/.m2/repository/org/springframework/spring-webmvc/5.0.8.RELEASE/spring-webmvc-5.0.8.RELEASE.jar:/Users/mac/.m2/repository/org/springframework/boot/spring-boot-devtools/2.0.4.RELEASE/spring-boot-devtools-2.0.4.RELEASE.jar:/Users/mac/.m2/repository/org/springframework/boot/spring-boot/2.0.4.RELEASE/spring-boot-2.0.4.RELEASE.jar:/Users/mac/.m2/repository/org/springframework/boot/spring-boot-autoconfigure/2.0.4.RELEASE/spring-boot-autoconfigure-2.0.4.RELEASE.jar:/Users/mac/.m2/repository/mysql/mysql-connector-java/5.1.46/mysql-connector-java-5.1.46.jar:/Users/mac/.m2/repository/org/springframework/boot/spring-boot-starter-test/2.0.4.RELEASE/spring-boot-starter-test-2.0.4.RELEASE.jar:/Users/mac/.m2/repository/org/springframework/boot/spring-boot-test/2.0.4.RELEASE/spring-boot-test-2.0.4.RELEASE.jar:/Users/mac/.m2/repository/org/springframework/boot/spring-boot-test-autoconfigure/2.0.4.RELEASE/spring-boot-test-autoconfigure-2.0.4.RELEASE.jar:/Users/mac/.m2/repository/com/jayway/jsonpath/json-path/2.4.0/json-path-2.4.0.jar:/Users/mac/.m2/repository/net/minidev/json-smart/2.3/json-smart-2.3.jar:/Users/mac/.m2/repository/net/minidev/accessors-smart/1.2/accessors-smart-1.2.jar:/Users/mac/.m2/repository/org/ow2/asm/asm/5.0.4/asm-5.0.4.jar:/Users/mac/.m2/repository/junit/junit/4.12/junit-4.12.jar:/Users/mac/.m2/repository/org/assertj/assertj-core/3.9.1/assertj-core-3.9.1.jar:/Users/mac/.m2/repository/org/mockito/mockito-core/2.15.0/mockito-core-2.15.0.jar:/Users/mac/.m2/repository/net/bytebuddy/byte-buddy/1.7.11/byte-buddy-1.7.11.jar:/Users/mac/.m2/repository/net/bytebuddy/byte-buddy-agent/1.7.11/byte-buddy-agent-1.7.11.jar:/Users/mac/.m2/repository/org/objenesis/objenesis/2.6/objenesis-2.6.jar:/Users/mac/.m2/repository/org/hamcrest/hamcrest-core/1.3/hamcrest-core-1.3.jar:/Users/mac/.m2/repository/org/hamcrest/hamcrest-library/1.3/hamcrest-library-1.3.jar:/Users/mac/.m2/repository/org/skyscreamer/jsonassert/1.5.0/jsonassert-1.5.0.jar:/Users/mac/.m2/repository/com/vaadin/external/google/android-json/0.0.20131108.vaadin1/android-json-0.0.20131108.vaadin1.jar:/Users/mac/.m2/repository/org/springframework/spring-core/5.0.8.RELEASE/spring-core-5.0.8.RELEASE.jar:/Users/mac/.m2/repository/org/springframework/spring-jcl/5.0.8.RELEASE/spring-jcl-5.0.8.RELEASE.jar:/Users/mac/.m2/repository/org/springframework/spring-test/5.0.8.RELEASE/spring-test-5.0.8.RELEASE.jar:/Users/mac/.m2/repository/org/xmlunit/xmlunit-core/2.5.1/xmlunit-core-2.5.1.jar:/Users/mac/.m2/repository/org/springframework/security/spring-security-test/5.0.7.RELEASE/spring-security-test-5.0.7.RELEASE.jar:/Users/mac/.m2/repository/org/springframework/security/spring-security-core/5.0.7.RELEASE/spring-security-core-5.0.7.RELEASE.jar:, user.name=mac, java.vm.specification.version=1.8, sun.java.command=/Users/mac/Projects/spring-boot/spring-boot-todo/target/surefire/surefirebooter5070823688840643357.jar /Users/mac/Projects/spring-boot/spring-boot-todo/target/surefire 2019-09-20T09-16-52_251-jvmRun1 surefire4673053723991579585tmp surefire_04643173517294728648tmp, java.home=/Library/Java/JavaVirtualMachines/jdk1.8.0_211.jdk/Contents/Home/jre, sun.arch.data.model=64, user.language=en, java.specification.vendor=Oracle Corporation, awt.toolkit=sun.lwawt.macosx.LWCToolkit, java.vm.info=mixed mode, java.version=1.8.0_211, java.ext.dirs=/Users/mac/Library/Java/Extensions:/Library/Java/JavaVirtualMachines/jdk1.8.0_211.jdk/Contents/Home/jre/lib/ext:/Library/Java/Extensions:/Network/Library/Java/Extensions:/System/Library/Java/Extensions:/usr/lib/java, sun.boot.class.path=/Library/Java/JavaVirtualMachines/jdk1.8.0_211.jdk/Contents/Home/jre/lib/resources.jar:/Library/Java/JavaVirtualMachines/jdk1.8.0_211.jdk/Contents/Home/jre/lib/rt.jar:/Library/Java/JavaVirtualMachines/jdk1.8.0_211.jdk/Contents/Home/jre/lib/sunrsasign.jar:/Library/Java/JavaVirtualMachines/jdk1.8.0_211.jdk/Contents/Home/jre/lib/jsse.jar:/Library/Java/JavaVirtualMachines/jdk1.8.0_211.jdk/Contents/Home/jre/lib/jce.jar:/Library/Java/JavaVirtualMachines/jdk1.8.0_211.jdk/Contents/Home/jre/lib/charsets.jar:/Library/Java/JavaVirtualMachines/jdk1.8.0_211.jdk/Contents/Home/jre/lib/jfr.jar:/Library/Java/JavaVirtualMachines/jdk1.8.0_211.jdk/Contents/Home/jre/classes, java.vendor=Oracle Corporation, localRepository=/Users/mac/.m2/repository, file.separator=/, java.vendor.url.bug=http://bugreport.sun.com/bugreport/, sun.io.unicode.encoding=UnicodeBig, sun.cpu.endian=little, socksNonProxyHosts=local|*.local|169.254/16|*.169.254/16, ftp.nonProxyHosts=local|*.local|169.254/16|*.169.254/16, sun.cpu.isalist=}}, SystemEnvironmentPropertySource@388043093 {name='systemEnvironment', properties={PYENV_SHELL=bash, PATH=/usr/local/mysql/bin:/Users/mac/Library/Android/sdk/platform-tools:/Users/mac/.pyenv/shims:/usr/local/opt/mongodb@3.2/bin:/usr/local/bin:/usr/bin:/bin:/usr/sbin:/sbin:/usr/local/mysql/bin:/Users/mac/google-cloud-sdk/bin:/Users/mac/Library/Android/sdk/platform-tools:/Users/mac/anaconda3/bin:/anaconda3/condabin:/Users/mac/.pyenv/shims:/usr/local/opt/mongodb@3.2/bin:/Users/mac/Library/Android/sdk/tools/bin:/Users/mac/Library/Android/sdk/emulator:/Users/mac/Library/Android/sdk/platform-tools:/Users/mac/Library/Android/sdk/platform-tools:/Users/mac/Library/Android/sdk/tools/bin:/Users/mac/Library/Android/sdk/platform-tools:/Users/mac/Library/Android/sdk/emulator, CONDA_DEFAULT_ENV=base, CONDA_EXE=/Users/mac/anaconda3/bin/conda, JAVA_HOME=/Library/Java/JavaVirtualMachines/jdk1.8.0_211.jdk/Contents/Home, CONDA_PYTHON_EXE=/Users/mac/anaconda3/bin/python, TERM=xterm-256color, LANG=en_US.UTF-8, COMMAND_MODE=unix2003, ANDROID_HOME=/Users/mac/Library/Android/sdk, CONDA_PREFIX=/Users/mac/anaconda3, _CE_M=, COLORTERM=truecolor, CONDA_PREFIX_1=/anaconda3, LOGNAME=mac, APPLICATION_INSIGHTS_NO_DIAGNOSTIC_CHANNEL=true, XPC_SERVICE_NAME=0, PWD=/Users/mac/Projects/spring-boot/spring-boot-todo, TERM_PROGRAM_VERSION=1.38.1, MAVEN_CMD_LINE_ARGS= clean install, CONDA_SHLVL=2, _=/Library/Java/JavaVirtualMachines/jdk1.8.0_211.jdk/Contents/Home/jre/bin/java, JAVA_MAIN_CLASS_17216=org.codehaus.plexus.classworlds.launcher.Launcher, SHELL=/bin/bash, TERM_PROGRAM=vscode, MAVEN_PROJECTBASEDIR=/Users/mac/Projects/spring-boot/spring-boot-todo, OLDPWD=/Users/mac/Projects/spring-boot/spring-boot-todo, SECURITYSESSIONID=186a8, USER=mac, ANDROID_SDK_ROOT=/Users/mac/Library/Android/sdk, TMPDIR=/var/folders/2_/p3j9lstj3k3bmd87pw9m92rc0000gn/T/, SSH_AUTH_SOCK=/private/tmp/com.apple.launchd.ZgxfRRqJVG/Listeners, _CE_CONDA=, XPC_FLAGS=0x0, TERM_SESSION_ID=3EE9425D-1937-4D55-A82A-485D61404358, __CF_USER_TEXT_ENCODING=0x1F5:0x0:0x0, CONDA_PROMPT_MODIFIER=(base) , Apple_PubSub_Socket_Render=/private/tmp/com.apple.launchd.zZkOc6dzz6/Render, JAVA_MAIN_CLASS_17269=org.apache.maven.surefire.booter.ForkedBooter, SHLVL=3, HOME=/Users/mac, ANDROID_AVD_HOME=/Users/mac/.android/avd}}]
09:17:03.361 [main] DEBUG org.springframework.core.io.support.PathMatchingResourcePatternResolver - Resolved classpath location [net/guides/todo/todomanagementspringboot2/] to resources [URL [file:/Users/mac/Projects/spring-boot/spring-boot-todo/target/test-classes/net/guides/todo/todomanagementspringboot2/]]
09:17:03.361 [main] DEBUG org.springframework.core.io.support.PathMatchingResourcePatternResolver - Looking for matching resources in directory tree [/Users/mac/Projects/spring-boot/spring-boot-todo/target/test-classes/net/guides/todo/todomanagementspringboot2]
09:17:03.362 [main] DEBUG org.springframework.core.io.support.PathMatchingResourcePatternResolver - Searching directory [/Users/mac/Projects/spring-boot/spring-boot-todo/target/test-classes/net/guides/todo/todomanagementspringboot2] for files matching pattern [/Users/mac/Projects/spring-boot/spring-boot-todo/target/test-classes/net/guides/todo/todomanagementspringboot2/*.class]
09:17:03.372 [main] DEBUG org.springframework.core.io.support.PathMatchingResourcePatternResolver - Resolved location pattern [classpath*:net/guides/todo/todomanagementspringboot2/*.class] to resources [file [/Users/mac/Projects/spring-boot/spring-boot-todo/target/test-classes/net/guides/todo/todomanagementspringboot2/TodoManagementSpringBoot2ApplicationTests.class]]
09:17:03.488 [main] DEBUG org.springframework.core.io.support.PathMatchingResourcePatternResolver - Resolved classpath location [net/guides/todo/] to resources [URL [file:/Users/mac/Projects/spring-boot/spring-boot-todo/target/test-classes/net/guides/todo/]]
09:17:03.489 [main] DEBUG org.springframework.core.io.support.PathMatchingResourcePatternResolver - Looking for matching resources in directory tree [/Users/mac/Projects/spring-boot/spring-boot-todo/target/test-classes/net/guides/todo]
09:17:03.489 [main] DEBUG org.springframework.core.io.support.PathMatchingResourcePatternResolver - Searching directory [/Users/mac/Projects/spring-boot/spring-boot-todo/target/test-classes/net/guides/todo] for files matching pattern [/Users/mac/Projects/spring-boot/spring-boot-todo/target/test-classes/net/guides/todo/*.class]
09:17:03.490 [main] DEBUG org.springframework.core.io.support.PathMatchingResourcePatternResolver - Resolved location pattern [classpath*:net/guides/todo/*.class] to resources []
09:17:03.490 [main] DEBUG org.springframework.core.io.support.PathMatchingResourcePatternResolver - Resolved classpath location [net/guides/] to resources [URL [file:/Users/mac/Projects/spring-boot/spring-boot-todo/target/test-classes/net/guides/], URL [file:/Users/mac/Projects/spring-boot/spring-boot-todo/target/classes/net/guides/]]
09:17:03.492 [main] DEBUG org.springframework.core.io.support.PathMatchingResourcePatternResolver - Looking for matching resources in directory tree [/Users/mac/Projects/spring-boot/spring-boot-todo/target/test-classes/net/guides]
09:17:03.493 [main] DEBUG org.springframework.core.io.support.PathMatchingResourcePatternResolver - Searching directory [/Users/mac/Projects/spring-boot/spring-boot-todo/target/test-classes/net/guides] for files matching pattern [/Users/mac/Projects/spring-boot/spring-boot-todo/target/test-classes/net/guides/*.class]
09:17:03.494 [main] DEBUG org.springframework.core.io.support.PathMatchingResourcePatternResolver - Looking for matching resources in directory tree [/Users/mac/Projects/spring-boot/spring-boot-todo/target/classes/net/guides]
09:17:03.494 [main] DEBUG org.springframework.core.io.support.PathMatchingResourcePatternResolver - Searching directory [/Users/mac/Projects/spring-boot/spring-boot-todo/target/classes/net/guides] for files matching pattern [/Users/mac/Projects/spring-boot/spring-boot-todo/target/classes/net/guides/*.class]
09:17:03.495 [main] DEBUG org.springframework.core.io.support.PathMatchingResourcePatternResolver - Resolved location pattern [classpath*:net/guides/*.class] to resources []
09:17:03.496 [main] DEBUG org.springframework.core.io.support.PathMatchingResourcePatternResolver - Resolved classpath location [net/] to resources [URL [file:/Users/mac/Projects/spring-boot/spring-boot-todo/target/test-classes/net/], URL [file:/Users/mac/Projects/spring-boot/spring-boot-todo/target/classes/net/], URL [jar:file:/Users/mac/.m2/repository/net/minidev/json-smart/2.3/json-smart-2.3.jar!/net/], URL [jar:file:/Users/mac/.m2/repository/net/minidev/accessors-smart/1.2/accessors-smart-1.2.jar!/net/], URL [jar:file:/Users/mac/.m2/repository/net/bytebuddy/byte-buddy/1.7.11/byte-buddy-1.7.11.jar!/net/], URL [jar:file:/Users/mac/.m2/repository/net/bytebuddy/byte-buddy-agent/1.7.11/byte-buddy-agent-1.7.11.jar!/net/]]
09:17:03.496 [main] DEBUG org.springframework.core.io.support.PathMatchingResourcePatternResolver - Looking for matching resources in directory tree [/Users/mac/Projects/spring-boot/spring-boot-todo/target/test-classes/net]
09:17:03.496 [main] DEBUG org.springframework.core.io.support.PathMatchingResourcePatternResolver - Searching directory [/Users/mac/Projects/spring-boot/spring-boot-todo/target/test-classes/net] for files matching pattern [/Users/mac/Projects/spring-boot/spring-boot-todo/target/test-classes/net/*.class]
09:17:03.497 [main] DEBUG org.springframework.core.io.support.PathMatchingResourcePatternResolver - Looking for matching resources in directory tree [/Users/mac/Projects/spring-boot/spring-boot-todo/target/classes/net]
09:17:03.497 [main] DEBUG org.springframework.core.io.support.PathMatchingResourcePatternResolver - Searching directory [/Users/mac/Projects/spring-boot/spring-boot-todo/target/classes/net] for files matching pattern [/Users/mac/Projects/spring-boot/spring-boot-todo/target/classes/net/*.class]
09:17:03.498 [main] DEBUG org.springframework.core.io.support.PathMatchingResourcePatternResolver - Looking for matching resources in jar file [file:/Users/mac/.m2/repository/net/minidev/json-smart/2.3/json-smart-2.3.jar]
09:17:03.502 [main] DEBUG org.springframework.core.io.support.PathMatchingResourcePatternResolver - Looking for matching resources in jar file [file:/Users/mac/.m2/repository/net/minidev/accessors-smart/1.2/accessors-smart-1.2.jar]
09:17:03.503 [main] DEBUG org.springframework.core.io.support.PathMatchingResourcePatternResolver - Looking for matching resources in jar file [file:/Users/mac/.m2/repository/net/bytebuddy/byte-buddy/1.7.11/byte-buddy-1.7.11.jar]
09:17:03.543 [main] DEBUG org.springframework.core.io.support.PathMatchingResourcePatternResolver - Looking for matching resources in jar file [file:/Users/mac/.m2/repository/net/bytebuddy/byte-buddy-agent/1.7.11/byte-buddy-agent-1.7.11.jar]
09:17:03.544 [main] DEBUG org.springframework.core.io.support.PathMatchingResourcePatternResolver - Resolved location pattern [classpath*:net/*.class] to resources []
]]></system-out>
  </testcase>
</testsuite>